\o Program:		@(#)$CDS: libManager version 6.1.7 - CAT35 09/07/2016 20:55 (sjfnl139) $
\o Sub version:		sub-version  s025 
\o Arguments:		-unmapped -mpssession virtuoso5148 -mpshost ite375pc17.cs.umbc.edu 
\o Working Directory:	ite375pc17.cs.umbc.edu:/afs/umbc.edu/users/c/m/cm83935/home/315/CMPE315_Proj
\o 64-bit offsets
\o Qt version: 		4.8.5
\o changeWorkingDir("/afs/umbc.edu/users/c/m/cm83935/home/315/CMPE315_Proj") unnecessary.
\o ddSetForcedLib("") unnecessary.
\o Log file is "/afs/umbc.edu/users/c/m/cm83935/home/315/CMPE315_Proj/libManager.log".
\o Opening libManager window.
\a nrSetWindowVisibility(cdsLibManager "show")
\o MPS service: map window
\a nrSetCurrentWindow(cdsLibManager)
\o Library Manager customization server connected.
\w Warning: LIB NCSU_Analog_Parts from File /afs/umbc.edu/users/c/m/cm83935/home/315/CMPE315_Proj/cds.lib Line 10 redefines
\w LIB NCSU_Analog_Parts from File /afs/umbc.edu/software/cadence/design_kits/ncsu-cdk-1.6.0.beta/cdssetup/cds.lib
\w Insert UNDEFINE NCSU_Analog_Parts
\w before DEFINE NCSU_Analog_Parts
\w     in /afs/umbc.edu/users/c/m/cm83935/home/315/CMPE315_Proj/cds.lib
\w Or remove or comment out DEFINE NCSU_Analog_Parts
\w     in /afs/umbc.edu/software/cadence/design_kits/ncsu-cdk-1.6.0.beta/cdssetup/cds.lib
\w to suppress this warning message.
\w Warning: LIB NCSU_Digital_Parts from File /afs/umbc.edu/users/c/m/cm83935/home/315/CMPE315_Proj/cds.lib Line 11 redefines
\w LIB NCSU_Digital_Parts from File /afs/umbc.edu/software/cadence/design_kits/ncsu-cdk-1.6.0.beta/cdssetup/cds.lib
\w Insert UNDEFINE NCSU_Digital_Parts
\w before DEFINE NCSU_Digital_Parts
\w     in /afs/umbc.edu/users/c/m/cm83935/home/315/CMPE315_Proj/cds.lib
\w Or remove or comment out DEFINE NCSU_Digital_Parts
\w     in /afs/umbc.edu/software/cadence/design_kits/ncsu-cdk-1.6.0.beta/cdssetup/cds.lib
\w to suppress this warning message.
\w Warning: LIB NCSU_TechLib_ami06 from File /afs/umbc.edu/users/c/m/cm83935/home/315/CMPE315_Proj/cds.lib Line 12 redefines
\w LIB NCSU_TechLib_ami06 from File /afs/umbc.edu/software/cadence/design_kits/ncsu-cdk-1.6.0.beta/cdssetup/cds.lib
\w Insert UNDEFINE NCSU_TechLib_ami06
\w before DEFINE NCSU_TechLib_ami06
\w     in /afs/umbc.edu/users/c/m/cm83935/home/315/CMPE315_Proj/cds.lib
\w Or remove or comment out DEFINE NCSU_TechLib_ami06
\w     in /afs/umbc.edu/software/cadence/design_kits/ncsu-cdk-1.6.0.beta/cdssetup/cds.lib
\w to suppress this warning message.
\w Warning: LIB NCSU_TechLib_ami16 from File /afs/umbc.edu/users/c/m/cm83935/home/315/CMPE315_Proj/cds.lib Line 13 redefines
\w LIB NCSU_TechLib_ami16 from File /afs/umbc.edu/software/cadence/design_kits/ncsu-cdk-1.6.0.beta/cdssetup/cds.lib
\w Insert UNDEFINE NCSU_TechLib_ami16
\w before DEFINE NCSU_TechLib_ami16
\w     in /afs/umbc.edu/users/c/m/cm83935/home/315/CMPE315_Proj/cds.lib
\w Or remove or comment out DEFINE NCSU_TechLib_ami16
\w     in /afs/umbc.edu/software/cadence/design_kits/ncsu-cdk-1.6.0.beta/cdssetup/cds.lib
\w to suppress this warning message.
\w Warning: LIB NCSU_TechLib_hp06 from File /afs/umbc.edu/users/c/m/cm83935/home/315/CMPE315_Proj/cds.lib Line 14 redefines
\w LIB NCSU_TechLib_hp06 from File /afs/umbc.edu/software/cadence/design_kits/ncsu-cdk-1.6.0.beta/cdssetup/cds.lib
\w Insert UNDEFINE NCSU_TechLib_hp06
\w before DEFINE NCSU_TechLib_hp06
\w     in /afs/umbc.edu/users/c/m/cm83935/home/315/CMPE315_Proj/cds.lib
\w Or remove or comment out DEFINE NCSU_TechLib_hp06
\w     in /afs/umbc.edu/software/cadence/design_kits/ncsu-cdk-1.6.0.beta/cdssetup/cds.lib
\w to suppress this warning message.
\w Warning: LIB NCSU_TechLib_tsmc02 from File /afs/umbc.edu/users/c/m/cm83935/home/315/CMPE315_Proj/cds.lib Line 15 redefines
\w LIB NCSU_TechLib_tsmc02 from File /afs/umbc.edu/software/cadence/design_kits/ncsu-cdk-1.6.0.beta/cdssetup/cds.lib
\w Insert UNDEFINE NCSU_TechLib_tsmc02
\w before DEFINE NCSU_TechLib_tsmc02
\w     in /afs/umbc.edu/users/c/m/cm83935/home/315/CMPE315_Proj/cds.lib
\w Or remove or comment out DEFINE NCSU_TechLib_tsmc02
\w     in /afs/umbc.edu/software/cadence/design_kits/ncsu-cdk-1.6.0.beta/cdssetup/cds.lib
\w to suppress this warning message.
\w Warning: LIB NCSU_TechLib_tsmc02d from File /afs/umbc.edu/users/c/m/cm83935/home/315/CMPE315_Proj/cds.lib Line 16 redefines
\w LIB NCSU_TechLib_tsmc02d from File /afs/umbc.edu/software/cadence/design_kits/ncsu-cdk-1.6.0.beta/cdssetup/cds.lib
\w Insert UNDEFINE NCSU_TechLib_tsmc02d
\w before DEFINE NCSU_TechLib_tsmc02d
\w     in /afs/umbc.edu/users/c/m/cm83935/home/315/CMPE315_Proj/cds.lib
\w Or remove or comment out DEFINE NCSU_TechLib_tsmc02d
\w     in /afs/umbc.edu/software/cadence/design_kits/ncsu-cdk-1.6.0.beta/cdssetup/cds.lib
\w to suppress this warning message.
\w Warning: LIB NCSU_TechLib_tsmc03 from File /afs/umbc.edu/users/c/m/cm83935/home/315/CMPE315_Proj/cds.lib Line 17 redefines
\w LIB NCSU_TechLib_tsmc03 from File /afs/umbc.edu/software/cadence/design_kits/ncsu-cdk-1.6.0.beta/cdssetup/cds.lib
\w Insert UNDEFINE NCSU_TechLib_tsmc03
\w before DEFINE NCSU_TechLib_tsmc03
\w     in /afs/umbc.edu/users/c/m/cm83935/home/315/CMPE315_Proj/cds.lib
\w Or remove or comment out DEFINE NCSU_TechLib_tsmc03
\w     in /afs/umbc.edu/software/cadence/design_kits/ncsu-cdk-1.6.0.beta/cdssetup/cds.lib
\w to suppress this warning message.
\w Warning: LIB NCSU_TechLib_tsmc03d from File /afs/umbc.edu/users/c/m/cm83935/home/315/CMPE315_Proj/cds.lib Line 18 redefines
\w LIB NCSU_TechLib_tsmc03d from File /afs/umbc.edu/software/cadence/design_kits/ncsu-cdk-1.6.0.beta/cdssetup/cds.lib
\w Insert UNDEFINE NCSU_TechLib_tsmc03d
\w before DEFINE NCSU_TechLib_tsmc03d
\w     in /afs/umbc.edu/users/c/m/cm83935/home/315/CMPE315_Proj/cds.lib
\w Or remove or comment out DEFINE NCSU_TechLib_tsmc03d
\w     in /afs/umbc.edu/software/cadence/design_kits/ncsu-cdk-1.6.0.beta/cdssetup/cds.lib
\w to suppress this warning message.
\w Warning: LIB NCSU_TechLib_tsmc04_4M2P from File /afs/umbc.edu/users/c/m/cm83935/home/315/CMPE315_Proj/cds.lib Line 19 redefines
\w LIB NCSU_TechLib_tsmc04_4M2P from File /afs/umbc.edu/software/cadence/design_kits/ncsu-cdk-1.6.0.beta/cdssetup/cds.lib
\w Insert UNDEFINE NCSU_TechLib_tsmc04_4M2P
\w before DEFINE NCSU_TechLib_tsmc04_4M2P
\w     in /afs/umbc.edu/users/c/m/cm83935/home/315/CMPE315_Proj/cds.lib
\w Or remove or comment out DEFINE NCSU_TechLib_tsmc04_4M2P
\w     in /afs/umbc.edu/software/cadence/design_kits/ncsu-cdk-1.6.0.beta/cdssetup/cds.lib
\w to suppress this warning message.
\a nrResizeWindow(cdsLibManager list(481 224 789 755))
\a nrResizeWindow(cdsLibManager list(219 41 789 755))
\a nrResizeWindow(cdsLibManager list(219 42 789 755))
\a nrResizeWindow(cdsLibManager list(141 79 867 718))
\a nrResizeWindow(cdsLibManager list(-10 19 1280 960))
\a _lmgrCloseIconify("cdsLibManager" 1)
\a nrSetCurrentWindow(cdsLibManager)
\a cdsLibManager->showCatsToggle->value = t
\a cdsLibManager->QToolButton7->value = t
\a cdsLibManager->showCategoriesAction->value = t
\a cdsLibManager->showCatsToggle->value = nil
\a cdsLibManager->QToolButton7->value = nil
\a cdsLibManager->showCategoriesAction->value = nil
\a nrSetCurrentWindow(cdsLibManager)
\a nrSetCurrentWindow(cdsLibManager)
\a cdsLibManager->FileNewLibButton->value = t
\a nrSetWindowVisibility(NewLibShell "show")
\a NewLibShell->QLineEdit2->value = "/afs/umbc.edu/users/c/m/cm83935/home/315/CMPE315_Proj/"
\a nrSetCurrentWindow(NewLibShell)
\a nrSetCurrentWindow(NewLibShell->subDialog)
\a nrResizeWindow(NewLibShell list(377 152 507 559))
\a NewLibShell->newLibNameText->value = "Proj"
\a NewLibShell->newLibCancelButton->value = t
\a nrSetCurrentWindow(cdsLibManager)
